<?xml version="1.0" encoding="UTF-8"?>
<testsuite name="com.bestbuy.bestbuytest.UtilitiesTest" time="0" tests="2" errors="2" skipped="0" failures="0">
  <properties>
[...]
</properties>
  <testcase name="test001" classname="com.bestbuy.bestbuytest.UtilitiesTest" time="0">
    <error type="java.lang.NullPointerException:">java.lang.NullPointerException: null
	at com.bestbuy.bestbuytest.UtilitiesTest.test001(UtilitiesTest.java:17)
</error>
    <system-err><![CDATA[13825 [main] ERROR net.serenitybdd.core.Serenity - 
           __  _____ _____ ____ _____   _____ _    ___ _     _____ ____  
  _       / / |_   _| ____/ ___|_   _| |  ___/ \  |_ _| |   | ____|  _ \ 
 (_)_____| |    | | |  _| \___ \ | |   | |_ / _ \  | || |   |  _| | | | |
  _|_____| |    | | | |___ ___) || |   |  _/ ___ \ | || |___| |___| |_| |
 (_)     | |    |_| |_____|____/ |_|   |_|/_/   \_\___|_____|_____|____/ 
          \_\                                                            

TEST FAILED: Delete store
--------------------------------------------------------------------------
13825 [main] ERROR net.serenitybdd.core.Serenity - 1 expectation failed.Expected status code <200> but was <404>.
13860 [pool-7-thread-4] INFO net.thucydides.core.reports.json.JSONTestOutcomeReporter - Generating JSON report for Update the product information and verify updated information to file C:\Users\sudha\week-18-best-buy-serenity\target\site\serenity\9af518bcdd6d413011cddb62bee52753ad32b3bde790b9c7c2996da476e16970.json (using temp file C:\Users\sudha\week-18-best-buy-serenity\target\site\serenity\9af518bcdd6d413011cddb62bee52753ad32b3bde790b9c7c2996da476e16970.json07d40e01-36b2-408e-b4d1-1839d95e5f6d)
13865 [pool-7-thread-5] INFO net.thucydides.core.reports.json.JSONTestOutcomeReporter - Generating JSON report for Delete store to file C:\Users\sudha\week-18-best-buy-serenity\target\site\serenity\49d34f6bb56c0866a38bd749b5978a66301ce4963cb65a3b918cd86bba4cb00b.json (using temp file C:\Users\sudha\week-18-best-buy-serenity\target\site\serenity\49d34f6bb56c0866a38bd749b5978a66301ce4963cb65a3b918cd86bba4cb00b.json27b395e8-69eb-4b45-b96a-28b94b8dd291)
13866 [pool-7-thread-3] INFO net.thucydides.core.reports.json.JSONTestOutcomeReporter - Generating JSON report for This will get store by id to file C:\Users\sudha\week-18-best-buy-serenity\target\site\serenity\3c32fb9c94f5564b1797bd75d4089f7fac9c0e728ed35412411383d7a9fc1db9.json (using temp file C:\Users\sudha\week-18-best-buy-serenity\target\site\serenity\3c32fb9c94f5564b1797bd75d4089f7fac9c0e728ed35412411383d7a9fc1db9.jsonb505fb90-3881-44c5-a59a-117bcc944cf4)
13865 [pool-7-thread-2] INFO net.thucydides.core.reports.json.JSONTestOutcomeReporter - Generating JSON report for This will create new store to file C:\Users\sudha\week-18-best-buy-serenity\target\site\serenity\9efdff3e63fe060c9dab2ed86a11544fdc2d05c4d8726901013293844029016f.json (using temp file C:\Users\sudha\week-18-best-buy-serenity\target\site\serenity\9efdff3e63fe060c9dab2ed86a11544fdc2d05c4d8726901013293844029016f.json212eea87-7a86-4e34-8d18-f55ef2dc1dc3)
13866 [pool-7-thread-1] INFO net.thucydides.core.reports.json.JSONTestOutcomeReporter - Generating JSON report for This will get all store list to file C:\Users\sudha\week-18-best-buy-serenity\target\site\serenity\76bad9fe8fe2fd22de9375bbd24a33cccd09392a1b9b1b540edb8bbf73b2cc2e.json (using temp file C:\Users\sudha\week-18-best-buy-serenity\target\site\serenity\76bad9fe8fe2fd22de9375bbd24a33cccd09392a1b9b1b540edb8bbf73b2cc2e.json1c957acd-6d6f-4315-b4f6-5125dff2ac82)
13906 [pool-8-thread-2] INFO net.thucydides.core.reports.html.HtmlAcceptanceTestReporter - GENERATING HTML REPORT FOR Stores test:test002 in 9efdff3e63fe060c9dab2ed86a11544fdc2d05c4d8726901013293844029016f.html in directory target\site\serenity  
13908 [pool-8-thread-1] INFO net.thucydides.core.reports.html.HtmlAcceptanceTestReporter - GENERATING HTML REPORT FOR Stores test:test001 in 76bad9fe8fe2fd22de9375bbd24a33cccd09392a1b9b1b540edb8bbf73b2cc2e.html in directory target\site\serenity  
13969 [pool-8-thread-3] INFO net.thucydides.core.reports.html.HtmlAcceptanceTestReporter - GENERATING HTML REPORT FOR Stores test:test003 in 3c32fb9c94f5564b1797bd75d4089f7fac9c0e728ed35412411383d7a9fc1db9.html in directory target\site\serenity  
14003 [pool-8-thread-4] INFO net.thucydides.core.reports.html.HtmlAcceptanceTestReporter - GENERATING HTML REPORT FOR Stores test:test004 in 9af518bcdd6d413011cddb62bee52753ad32b3bde790b9c7c2996da476e16970.html in directory target\site\serenity  
14009 [pool-8-thread-5] INFO net.thucydides.core.reports.html.HtmlAcceptanceTestReporter - GENERATING HTML REPORT FOR Stores test:test005 in 49d34f6bb56c0866a38bd749b5978a66301ce4963cb65a3b918cd86bba4cb00b.html in directory target\site\serenity  
]]></system-err>
  </testcase>
  <testcase name="test002" classname="com.bestbuy.bestbuytest.UtilitiesTest" time="0">
    <error type="java.lang.NullPointerException:">java.lang.NullPointerException: null
	at com.bestbuy.bestbuytest.UtilitiesTest.test002(UtilitiesTest.java:25)
</error>
  </testcase>
</testsuite>