{"name":"test005","id":"com.bestbuy.bestbuytest.StoresTest:test005","testCaseName":"com.bestbuy.bestbuytest.StoresTest","testSteps":[{"number":1,"description":"Delete stores by ID","duration":52,"startTime":"2022-06-07T21:37:09.633+01:00[Europe/London]","result":"SUCCESS","precondition":false,"children":[{"number":2,"description":"DELETE http://localhost:3030/stores/8936\r\r","duration":0,"startTime":"2022-06-07T21:37:09.685+01:00[Europe/London]","result":"SUCCESS","restQuery":{"method":"DELETE","path":"http://localhost:3030/stores/8936\r\r","content":"\r","contentType":"null","requestHeaders":"Accept\u003d*/*\r\r","requestCookies":"\r\r","responseHeaders":"X-Powered-By: Express\nAccess-Control-Allow-Origin: *\nAllow: GET,POST,PUT,PATCH,DELETE\nVary: Accept, Accept-Encoding\nContent-Type: application/json; charset\u003dutf-8\nContent-Length: 280\nETag: W/\"118-zGWWyPBrs5iVlsCG9gRACnzgmIE\"\nDate: Tue, 07 Jun 2022 20:37:09 GMT\nConnection: keep-alive\r","responseCookies":"\r","responseBody":"{\n    \"id\": 8936,\n    \"name\": \"Robinhood7703_updated\",\n    \"type\": \"smallbox\",\n    \"address\": \"105 County grove B2\",\n    \"address2\": \"\",\n    \"city\": \"Roseville\",\n    \"state\": \"NY\",\n    \"zip\": \"34523\",\n    \"lat\": 56,\n    \"lng\": -67,\n    \"hours\": \"Mon: 10-9; Tue 10-9;\",\n    \"createdAt\": \"2022-06-07T20:37:09.419Z\",\n    \"updatedAt\": \"2022-06-07T20:37:09.569Z\"\n}","statusCode":200},"precondition":false}]},{"number":3,"description":"getting product information with product id : 8936","duration":37,"startTime":"2022-06-07T21:37:09.687+01:00[Europe/London]","result":"SUCCESS","precondition":false,"children":[{"number":4,"description":"GET http://localhost:3030/stores/8936\r\r","duration":0,"startTime":"2022-06-07T21:37:09.724+01:00[Europe/London]","result":"SUCCESS","restQuery":{"method":"GET","path":"http://localhost:3030/stores/8936\r\r","content":"\r","contentType":"null","requestHeaders":"Accept\u003d*/*\r\r","requestCookies":"\r\r","responseHeaders":"X-Powered-By: Express\nAccess-Control-Allow-Origin: *\nAllow: GET,POST,PUT,PATCH,DELETE\nContent-Type: application/json; charset\u003dutf-8\nContent-Length: 108\nETag: W/\"6c-E/ILenOMLcfexggbNdBQAVTVPFw\"\nVary: Accept-Encoding\nDate: Tue, 07 Jun 2022 20:37:09 GMT\nConnection: keep-alive\r","responseCookies":"\r","responseBody":"{\n    \"name\": \"NotFound\",\n    \"message\": \"No record found for id \u00278936\u0027\",\n    \"code\": 404,\n    \"className\": \"not-found\",\n    \"errors\": {\n        \n    }\n}","statusCode":404},"precondition":false}]}],"userStory":{"id":"com.bestbuy.bestbuytest.StoresTest","storyName":"Stores test","storyClassName":"com.bestbuy.bestbuytest.StoresTest","path":"com.bestbuy.bestbuytest","type":"story"},"featureTag":{"name":"Bestbuytest/Stores test","type":"story"},"title":"Delete store","tags":[{"name":"Bestbuytest/Stores test","type":"story"}],"startTime":"2022-06-07T21:37:09.630+01:00[Europe/London]","duration":98,"testFailureCause":{"errorType":"java.lang.AssertionError","message":"1 expectation failed.\nExpected status code \u003c200\u003e but was \u003c404\u003e.\n","stackTrace":[{"declaringClass":"io.restassured.internal.ResponseSpecificationImpl","methodName":"validateResponseIfRequired","fileName":"ResponseSpecificationImpl.groovy","lineNumber":636},{"declaringClass":"io.restassured.internal.ResponseSpecificationImpl","methodName":"statusCode","fileName":"ResponseSpecificationImpl.groovy","lineNumber":122},{"declaringClass":"io.restassured.internal.ResponseSpecificationImpl","methodName":"statusCode","fileName":"ResponseSpecificationImpl.groovy","lineNumber":130},{"declaringClass":"io.restassured.internal.ValidatableResponseOptionsImpl","methodName":"statusCode","fileName":"ValidatableResponseOptionsImpl.java","lineNumber":117},{"declaringClass":"com.bestbuy.bestbuytest.StoresTest","methodName":"test005","fileName":"StoresTest.java","lineNumber":72}]},"testFailureClassname":"java.lang.AssertionError","testFailureMessage":"1 expectation failed.\nExpected status code \u003c200\u003e but was \u003c404\u003e.\n","testFailureSummary":"FAILURE;java.lang.AssertionError;1 expectation failed.\nExpected status code \u003c200\u003e but was \u003c404\u003e.\n;ResponseSpecificationImpl.groovy","projectKey":"","annotatedResult":"FAILURE","manual":false,"testSource":"JUnit","result":"FAILURE"}