<?xml version="1.0" encoding="UTF-8"?><testsuite errors="0" failures="0" name="com.bestbuy.bestbuytest.ServicesTest" skipped="0" tests="5" time="0.54" timestamp="2022-06-07T21:37:08.552+01:00[Europe/London]"><testcase classname="com.bestbuy.bestbuytest.ServicesTest" name="This will get all the services list"/><testcase classname="com.bestbuy.bestbuytest.ServicesTest" name="This will create new services"/><testcase classname="com.bestbuy.bestbuytest.ServicesTest" name="Verify if the information was added to servcies "/><testcase classname="com.bestbuy.bestbuytest.ServicesTest" name="Update the services and verify information"/><testcase classname="com.bestbuy.bestbuytest.ServicesTest" name="Delete services by Id and verify if the services is deleted"/></testsuite>