<?xml version="1.0" encoding="UTF-8"?><testsuite errors="0" failures="0" name="com.bestbuy.bestbuytest.CategoriesTest" skipped="0" tests="5" time="6.32" timestamp="2022-06-07T21:36:57.126+01:00[Europe/London]"><testcase classname="com.bestbuy.bestbuytest.CategoriesTest" name="This will get all the categories"/><testcase classname="com.bestbuy.bestbuytest.CategoriesTest" name="This will create new categories"/><testcase classname="com.bestbuy.bestbuytest.CategoriesTest" name="Verify if categories is created"/><testcase classname="com.bestbuy.bestbuytest.CategoriesTest" name="Update the information and verify if it is updated"/><testcase classname="com.bestbuy.bestbuytest.CategoriesTest" name="Deleting categories and verify if it is deleted"/></testsuite>