<?xml version="1.0" encoding="UTF-8"?><testsuite errors="1" failures="3" name="com.bestbuy.bestbuytest.ProductsTest" skipped="0" tests="5" time="2.21" timestamp="2022-06-07T21:37:06.025+01:00[Europe/London]"><testcase classname="com.bestbuy.bestbuytest.ProductsTest" name="This will give total products"/><testcase classname="com.bestbuy.bestbuytest.ProductsTest" name="This will add product in to product list"><error type="java.lang.NullPointerException"/><system-err>null&#13;
com.bestbuy.bestbuytest.ProductsTest.test002(ProductsTest.java:46)&#13;
</system-err></testcase><testcase classname="com.bestbuy.bestbuytest.ProductsTest" name="verify if Product is created"><failure message="1 expectation failed.&#10;Expected status code &lt;200&gt; but was &lt;404&gt;.&#10;" type="java.lang.AssertionError">1 expectation failed.
Expected status code &lt;200&gt; but was &lt;404&gt;.
</failure><system-err>1 expectation failed.
Expected status code &lt;200&gt; but was &lt;404&gt;.
&#13;
io.restassured.internal.ResponseSpecificationImpl.validateResponseIfRequired(ResponseSpecificationImpl.groovy:636)&#13;
io.restassured.internal.ResponseSpecificationImpl.statusCode(ResponseSpecificationImpl.groovy:122)&#13;
io.restassured.internal.ResponseSpecificationImpl.statusCode(ResponseSpecificationImpl.groovy:130)&#13;
io.restassured.internal.ValidatableResponseOptionsImpl.statusCode(ValidatableResponseOptionsImpl.java:117)&#13;
com.bestbuy.bestbuy.ProductSteps.getProductInformationById(ProductSteps.java:53)&#13;
com.bestbuy.bestbuytest.ProductsTest.test003(ProductsTest.java:52)&#13;
</system-err></testcase><testcase classname="com.bestbuy.bestbuytest.ProductsTest" name="Update the product information and verify updated information"><failure message="1 expectation failed.&#10;Expected status code &lt;200&gt; but was &lt;404&gt;.&#10;" type="java.lang.AssertionError">1 expectation failed.
Expected status code &lt;200&gt; but was &lt;404&gt;.
</failure><system-err>1 expectation failed.
Expected status code &lt;200&gt; but was &lt;404&gt;.
&#13;
io.restassured.internal.ResponseSpecificationImpl.validateResponseIfRequired(ResponseSpecificationImpl.groovy:636)&#13;
io.restassured.internal.ResponseSpecificationImpl.statusCode(ResponseSpecificationImpl.groovy:122)&#13;
io.restassured.internal.ResponseSpecificationImpl.statusCode(ResponseSpecificationImpl.groovy:130)&#13;
io.restassured.internal.ValidatableResponseOptionsImpl.statusCode(ValidatableResponseOptionsImpl.java:117)&#13;
com.bestbuy.bestbuytest.ProductsTest.test004(ProductsTest.java:62)&#13;
</system-err></testcase><testcase classname="com.bestbuy.bestbuytest.ProductsTest" name="Delete the product and verify if the product is deleted"><failure message="1 expectation failed.&#10;Expected status code &lt;200&gt; but was &lt;404&gt;.&#10;" type="java.lang.AssertionError">1 expectation failed.
Expected status code &lt;200&gt; but was &lt;404&gt;.
</failure><system-err>1 expectation failed.
Expected status code &lt;200&gt; but was &lt;404&gt;.
&#13;
io.restassured.internal.ResponseSpecificationImpl.validateResponseIfRequired(ResponseSpecificationImpl.groovy:636)&#13;
io.restassured.internal.ResponseSpecificationImpl.statusCode(ResponseSpecificationImpl.groovy:122)&#13;
io.restassured.internal.ResponseSpecificationImpl.statusCode(ResponseSpecificationImpl.groovy:130)&#13;
io.restassured.internal.ValidatableResponseOptionsImpl.statusCode(ValidatableResponseOptionsImpl.java:117)&#13;
com.bestbuy.bestbuytest.ProductsTest.test005(ProductsTest.java:70)&#13;
</system-err></testcase></testsuite>